Сборка начата 19.03.2024 19:56:17.
Уровень детализации журнала: Normal.     1>Проект "C:\ФИТ\Лабораторные работы\Лабораторные работы по КПО\Лабораторная работа №5\SE_Lab05\SE_Lab05\SE_Lab05.vcxproj" в узле 2 (целевые объекты Build).
     1>InitializeBuildStatus:
         Создание "Debug\SE_Lab05.tlog\unsuccessfulbuild", так как было задано "AlwaysCreate".
       ClCompile:
         C:\Visual Studio\VC\Tools\MSVC\14.29.30133\bin\HostX86\x86\CL.exe /c /ZI /JMC /nologo /W3 /WX- /diagnostics:column /sdl /Od /Oy- /D WIN32 /D _DEBUG /D _CONSOLE /D _UNICODE /D UNICODE /Gm- /EHsc /RTC1 /MDd /GS /fp:precise /permissive- /Zc:wchar_t /Zc:forScope /Zc:inline /Fo"Debug\\" /Fd"Debug\vc142.pdb" /external:W3 /Gd /TP /analyze- /FC /errorReport:prompt Dictionary.cpp SE_Lab5.cpp
         Dictionary.cpp
         SE_Lab5.cpp
     1>C:\ФИТ\Лабораторные работы\Лабораторные работы по КПО\Лабораторная работа №5\SE_Lab05\SE_Lab05\SE_Lab5.cpp(55,32): warning C4067: непредвиденные лексемы за директивой препроцессора, требуется newline
         Создание кода...
       Link:
         C:\Visual Studio\VC\Tools\MSVC\14.29.30133\bin\HostX86\x86\link.exe /ERRORREPORT:PROMPT /OUT:"C:\ФИТ\Лабораторные работы\Лабораторные работы по КПО\Лабораторная работа №5\SE_Lab05\Debug\SE_Lab05.exe" /INCREMENTAL /ILK:"Debug\SE_Lab05.ilk" /NOLOGO kernel32.lib user32.lib gdi32.lib winspool.lib comdlg32.lib advapi32.lib shell32.lib ole32.lib oleaut32.lib uuid.lib odbc32.lib odbccp32.lib /MANIFEST /MANIFESTUAC:"level='asInvoker' uiAccess='false'" /manifest:embed /DEBUG /PDB:"C:\ФИТ\Лабораторные работы\Лабораторные работы по КПО\Лабораторная работа №5\SE_Lab05\Debug\SE_Lab05.pdb" /SUBSYSTEM:CONSOLE /TLBID:1 /DYNAMICBASE /NXCOMPAT /IMPLIB:"C:\ФИТ\Лабораторные работы\Лабораторные работы по КПО\Лабораторная работа №5\SE_Lab05\Debug\SE_Lab05.lib" /MACHINE:X86 Debug\Dictionary.obj
         Debug\SE_Lab5.obj
         SE_Lab05.vcxproj -> C:\ФИТ\Лабораторные работы\Лабораторные работы по КПО\Лабораторная работа №5\SE_Lab05\Debug\SE_Lab05.exe
       FinalizeBuildStatus:
         Файл "Debug\SE_Lab05.tlog\unsuccessfulbuild" удаляется.
         Обращение к "Debug\SE_Lab05.tlog\SE_Lab05.lastbuildstate".
     1>Сборка проекта "C:\ФИТ\Лабораторные работы\Лабораторные работы по КПО\Лабораторная работа №5\SE_Lab05\SE_Lab05\SE_Lab05.vcxproj" завершена (целевые объекты Build).

Сборка успешно завершена.

       "C:\ФИТ\Лабораторные работы\Лабораторные работы по КПО\Лабораторная работа №5\SE_Lab05\SE_Lab05\SE_Lab05.vcxproj" (целевой объект Build ) (1) ->
       (Целевой объект ClCompile) -> 
         C:\ФИТ\Лабораторные работы\Лабораторные работы по КПО\Лабораторная работа №5\SE_Lab05\SE_Lab05\SE_Lab5.cpp(55,32): warning C4067: непредвиденные лексемы за директивой препроцессора, требуется newline

    Предупреждений: 1
    Ошибок: 0

Прошло времени 00:00:01.93
