Сборка начата 26.03.2024 22:36:04.
Уровень детализации журнала: Normal.     1>Проект "C:\ФИТ\Лабораторные работы\Лабораторные работы по КПО\Лабораторная работа №6\SE_Lab06S\SE_Lab06L\SE_Lab06L.vcxproj" в узле 2 (целевые объекты Build).
     1>PrepareForBuild:
         Создание каталога "C:\ФИТ\Лабораторные работы\Лабораторные работы по КПО\Лабораторная работа №6\SE_Lab06S\Debug\".
         Создание каталога "Debug\SE_Lab06L.tlog\".
       InitializeBuildStatus:
         Создание "Debug\SE_Lab06L.tlog\unsuccessfulbuild", так как было задано "AlwaysCreate".
       ClCompile:
         C:\Visual Studio\VC\Tools\MSVC\14.29.30133\bin\HostX86\x86\CL.exe /c /ZI /JMC /nologo /W3 /WX- /diagnostics:column /sdl /Od /Oy- /D WIN32 /D _DEBUG /D _LIB /D _UNICODE /D UNICODE /Gm- /EHsc /RTC1 /MDd /GS /fp:precise /permissive- /Zc:wchar_t /Zc:forScope /Zc:inline /Fo"Debug\\" /Fd"C:\ФИТ\Лабораторные работы\Лабораторные работы по КПО\Лабораторная работа №6\SE_Lab06S\Debug\SE_Lab06L.pdb" /external:W3 /Gd /TP /analyze- /FC /errorReport:prompt Dictionary.cpp
         Dictionary.cpp
       Lib:
         C:\Visual Studio\VC\Tools\MSVC\14.29.30133\bin\HostX86\x86\Lib.exe /OUT:"C:\ФИТ\Лабораторные работы\Лабораторные работы по КПО\Лабораторная работа №6\SE_Lab06S\Debug\SE_Lab06L.lib" /NOLOGO /MACHINE:X86 Debug\Dictionary.obj
         SE_Lab06L.vcxproj -> C:\ФИТ\Лабораторные работы\Лабораторные работы по КПО\Лабораторная работа №6\SE_Lab06S\Debug\SE_Lab06L.lib
       FinalizeBuildStatus:
         Файл "Debug\SE_Lab06L.tlog\unsuccessfulbuild" удаляется.
         Обращение к "Debug\SE_Lab06L.tlog\SE_Lab06L.lastbuildstate".
     1>Сборка проекта "C:\ФИТ\Лабораторные работы\Лабораторные работы по КПО\Лабораторная работа №6\SE_Lab06S\SE_Lab06L\SE_Lab06L.vcxproj" завершена (целевые объекты Build).

Сборка успешно завершена.
    Предупреждений: 0
    Ошибок: 0

Прошло времени 00:00:01.33
